gmud-simple/proguard/seeds.txt
cn.fmsoft.lnx.gmud.simple.Control
cn.fmsoft.lnx.gmud.simple.Control: Control(android.content.Context,android.util.AttributeSet)
cn.fmsoft.lnx.gmud.simple.GmudActivity
cn.fmsoft.lnx.gmud.simple.GmudApp
cn.fmsoft.lnx.gmud.simple.Show
cn.fmsoft.lnx.gmud.simple.Show: Show(android.content.Context,android.util.AttributeSet)