gmud-simple/proguard/mapping.txt
cn.fmsoft.lnx.gmud.simple.Control -> cn.fmsoft.lnx.gmud.simple.Control:
    android.graphics.Rect[] sSoftKey -> a
    java.lang.String[] sSoftKeyTitle -> b
    int[][] sSoftKeyPort -> c
    int[][] sSoftKeyLand -> d
    int sSoftKeySpaceV -> e
    int sSoftKeySpaceH -> f
    int sSoftKeyLeft -> g
    int sSoftKeyTop -> h
    int sSoftKeyW -> i
    int sSoftKeyH -> j
    boolean bPort -> k
    boolean dispatchKeyEventPreIme(android.view.KeyEvent) -> dispatchKeyEventPreIme
    boolean onTouchEvent(android.view.MotionEvent) -> onTouchEvent
    void onMeasure(int,int) -> onMeasure
    void onDraw(android.graphics.Canvas) -> onDraw
    boolean onKeyDown(int,android.view.KeyEvent) -> onKeyDown
cn.fmsoft.lnx.gmud.simple.GmudActivity -> cn.fmsoft.lnx.gmud.simple.GmudActivity:
    void onCreate(android.os.Bundle) -> onCreate
    void onDestroy() -> onDestroy
    void onPause() -> onPause
    void onResume() -> onResume
    boolean onCreateOptionsMenu(android.view.Menu) -> onCreateOptionsMenu
    boolean onOptionsItemSelected(android.view.MenuItem) -> onOptionsItemSelected
    void onNewIntent(android.content.Intent) -> onNewIntent
    boolean onKeyDown(int,android.view.KeyEvent) -> onKeyDown
cn.fmsoft.lnx.gmud.simple.GmudActivity$1 -> cn.fmsoft.lnx.gmud.simple.a:
    cn.fmsoft.lnx.gmud.simple.GmudActivity this$0 -> a
    void onClick(android.content.DialogInterface,int) -> onClick
cn.fmsoft.lnx.gmud.simple.GmudApp -> cn.fmsoft.lnx.gmud.simple.GmudApp:
    void onCreate() -> onCreate
    void onTerminate() -> onTerminate
    void onLowMemory() -> onLowMemory
cn.fmsoft.lnx.gmud.simple.Show -> cn.fmsoft.lnx.gmud.simple.Show:
    void onMeasure(int,int) -> onMeasure
    void surfaceCreated(android.view.SurfaceHolder) -> surfaceCreated
    void surfaceChanged(android.view.SurfaceHolder,int,int,int) -> surfaceChanged
    void surfaceDestroyed(android.view.SurfaceHolder) -> surfaceDestroyed
cn.fmsoft.lnx.gmud.simple.core.Battle -> cn.fmsoft.lnx.gmud.simple.a.a:
    java.lang.String player_name -> a
    java.lang.String NPC_name -> b
    int[][] a_int_array2d_static -> c
    int[][] c_int_array2d_static -> d
    int[][] fighter_data -> e
    int is_try -> f
    int player_id -> g
    int active_id -> h
    int NPC_id -> i
    int NPC_image_id -> j
    short[] NPC_item -> k
    int[] NPC_equip -> l
    int[] NPC_select_skill -> m
    int[] a_int_array1d_static -> n
    int[] b_int_array1d_static -> o
    int d_int_static -> p
    int e_int_static -> q
    int[] f_int_array1d_static -> s
    boolean a_boolean_static -> t
    cn.fmsoft.lnx.gmud.simple.core.Battle sBattle -> r
    int g(int) -> a
    void a(int,int,int) -> a
    int PhyAttack(boolean) -> a
    boolean BattleIsEnd() -> g
    void CopyPlayerData() -> a
    void CopyNPCData(int) -> b
    int CalcSkill(int,int) -> e
    void CalcFighterLevel(int) -> c
    void CostFP(int,int) -> a
    void CostMP(int,int) -> b
    void BattleMain() -> b
    int CalaAvtiveSpeed(int,int,int) -> b
    void b$4868d30e(int,int) -> c
    void e(int,int,int) -> c
    void i() -> h
    void a(int,int,int,int) -> a
    void d$4868d30e(int,int) -> d
    int ib(int,int,int) -> d
    int CalcHit(int) -> d
    int CalcAvoid(int) -> e
    int CalcDefenseB(int) -> f
    boolean a$576d3b2e(int,int,int,int,int,int) -> a
    java.lang.String Breath() -> c
    int b(int,int) -> f
cn.fmsoft.lnx.gmud.simple.core.Gmud -> cn.fmsoft.lnx.gmud.simple.a.b:
    cn.fmsoft.lnx.gmud.simple.core.Map sMap -> a
    cn.fmsoft.lnx.gmud.simple.core.Player sPlayer -> b
    boolean Running -> c
    android.content.Context sContext -> d
    android.app.Activity sActivity -> e
    boolean WriteSave() -> a
    boolean LoadSave() -> b
    void GmudDelay(int) -> a
    void prepare() -> c
    void exit() -> d
    void checkScale() -> e
    void bind(android.app.Activity) -> a
    void unbind$63a22f9() -> f